<?xml version="1.0" encoding="UTF-8"?>
<testsuite name="com.jojoldu.book.springboot.web.HelloControllerTest" tests="2" skipped="0" failures="0" errors="0" timestamp="2021-01-31T03:16:36" hostname="DESKTOP-A2OA55V" time="0.333">
  <properties/>
  <testcase name="hello가_리턴된다" classname="com.jojoldu.book.springboot.web.HelloControllerTest" time="0.129"/>
  <testcase name="helloDto가_리턴된다" classname="com.jojoldu.book.springboot.web.HelloControllerTest" time="0.2"/>
  <system-out><![CDATA[2021-01-31 12:16:34.377  INFO 2252 --- [    Test worker] .b.t.a.w.s.WebMvcTestContextBootstrapper : Neither @ContextConfiguration nor @ContextHierarchy found for test class [com.jojoldu.book.springboot.web.HelloControllerTest], using SpringBootContextLoader
2021-01-31 12:16:34.393  INFO 2252 --- [    Test worker] o.s.t.c.support.AbstractContextLoader    : Could not detect default resource locations for test class [com.jojoldu.book.springboot.web.HelloControllerTest]: no resource found for suffixes {-context.xml, Context.groovy}.
2021-01-31 12:16:34.393  INFO 2252 --- [    Test worker] t.c.s.AnnotationConfigContextLoaderUtils : Could not detect default configuration classes for test class [com.jojoldu.book.springboot.web.HelloControllerTest]: HelloControllerTest does not declare any static, non-private, non-final, nested classes annotated with @Configuration.
2021-01-31 12:16:34.643  INFO 2252 --- [    Test worker] .b.t.c.SpringBootTestContextBootstrapper : Found @SpringBootConfiguration com.jojoldu.book.springboot.Application for test class com.jojoldu.book.springboot.web.HelloControllerTest
2021-01-31 12:16:34.674  INFO 2252 --- [    Test worker] .b.t.a.w.s.WebMvcTestContextBootstrapper : Loaded default TestExecutionListener class names from location [META-INF/spring.factories]: [org.springframework.security.test.context.support.WithSecurityContextTestExecutionListener, org.springframework.security.test.context.support.ReactorContextTestExecutionListener, org.springframework.boot.test.autoconfigure.restdocs.RestDocsTestExecutionListener, org.springframework.boot.test.autoconfigure.web.client.MockRestServiceServerResetTestExecutionListener, org.springframework.boot.test.autoconfigure.web.servlet.MockMvcPrintOnlyOnFailureTestExecutionListener, org.springframework.boot.test.autoconfigure.web.servlet.WebDriverTestExecutionListener, org.springframework.boot.test.mock.mockito.MockitoTestExecutionListener, org.springframework.boot.test.mock.mockito.ResetMocksTestExecutionListener, org.springframework.test.context.web.ServletTestExecutionListener, org.springframework.test.context.support.DirtiesContextBeforeModesTestExecutionListener, org.springframework.test.context.support.DependencyInjectionTestExecutionListener, org.springframework.test.context.support.DirtiesContextTestExecutionListener, org.springframework.test.context.transaction.TransactionalTestExecutionListener, org.springframework.test.context.jdbc.SqlScriptsTestExecutionListener]
2021-01-31 12:16:34.752  INFO 2252 --- [    Test worker] .b.t.a.w.s.WebMvcTestContextBootstrapper : Using TestExecutionListeners: [org.springframework.test.context.web.ServletTestExecutionListener@48223976, org.springframework.test.context.support.DirtiesContextBeforeModesTestExecutionListener@1ddc7ff7, org.springframework.boot.test.mock.mockito.MockitoTestExecutionListener@8c6eb5, org.springframework.boot.test.autoconfigure.SpringBootDependencyInjectionTestExecutionListener@72ba97e9, org.springframework.test.context.support.DirtiesContextTestExecutionListener@2b0af941, org.springframework.test.context.transaction.TransactionalTestExecutionListener@55d71810, org.springframework.test.context.jdbc.SqlScriptsTestExecutionListener@364d3dd9, org.springframework.security.test.context.support.WithSecurityContextTestExecutionListener@10eef126, org.springframework.security.test.context.support.ReactorContextTestExecutionListener@6c52c28b, org.springframework.boot.test.autoconfigure.restdocs.RestDocsTestExecutionListener@1284089, org.springframework.boot.test.autoconfigure.web.client.MockRestServiceServerResetTestExecutionListener@5e541680, org.springframework.boot.test.autoconfigure.web.servlet.MockMvcPrintOnlyOnFailureTestExecutionListener@3954abad, org.springframework.boot.test.autoconfigure.web.servlet.WebDriverTestExecutionListener@43e86096, org.springframework.boot.test.mock.mockito.ResetMocksTestExecutionListener@874c6a]

  .   ____          _            __ _ _
 /\\ / ___'_ __ _ _(_)_ __  __ _ \ \ \ \
( ( )\___ | '_ | '_| | '_ \/ _` | \ \ \ \
 \\/  ___)| |_)| | | | | || (_| |  ) ) ) )
  '  |____| .__|_| |_|_| |_\__, | / / / /
 =========|_|==============|___/=/_/_/_/
 :: Spring Boot ::        (v2.1.7.RELEASE)

2021-01-31 12:16:34.877  INFO 2252 --- [    Test worker] c.j.b.s.web.HelloControllerTest          : Starting HelloControllerTest on DESKTOP-A2OA55V with PID 2252 (started by charm in C:\spring\springproject1)
2021-01-31 12:16:34.877  INFO 2252 --- [    Test worker] c.j.b.s.web.HelloControllerTest          : No active profile set, falling back to default profiles: default
2021-01-31 12:16:35.799  INFO 2252 --- [    Test worker] o.s.s.concurrent.ThreadPoolTaskExecutor  : Initializing ExecutorService 'applicationTaskExecutor'
2021-01-31 12:16:35.846  INFO 2252 --- [    Test worker] o.s.b.a.w.s.WelcomePageHandlerMapping    : Adding welcome page template: index
2021-01-31 12:16:36.190  INFO 2252 --- [    Test worker] .s.s.UserDetailsServiceAutoConfiguration : 

Using generated security password: dd1fc931-2da5-430d-b13f-2699fcae1a63

2021-01-31 12:16:36.424  INFO 2252 --- [    Test worker] o.s.s.web.DefaultSecurityFilterChain     : Creating filter chain: any request, [org.springframework.security.web.context.request.async.WebAsyncManagerIntegrationFilter@76ab18e3, org.springframework.security.web.context.SecurityContextPersistenceFilter@73a7a97a, org.springframework.security.web.header.HeaderWriterFilter@56085327, org.springframework.security.web.csrf.CsrfFilter@432b9ddf, org.springframework.security.web.authentication.logout.LogoutFilter@17faf6e2, org.springframework.security.web.authentication.UsernamePasswordAuthenticationFilter@1512ab99, org.springframework.security.web.authentication.ui.DefaultLoginPageGeneratingFilter@4d4c438e, org.springframework.security.web.authentication.ui.DefaultLogoutPageGeneratingFilter@2ad1b277, org.springframework.security.web.authentication.www.BasicAuthenticationFilter@1332290d, org.springframework.security.web.savedrequest.RequestCacheAwareFilter@78f3a17, org.springframework.security.web.servletapi.SecurityContextHolderAwareRequestFilter@138ad0aa, org.springframework.security.web.authentication.AnonymousAuthenticationFilter@28a98c61, org.springframework.security.web.session.SessionManagementFilter@49d2e95c, org.springframework.security.web.access.ExceptionTranslationFilter@60d291c8, org.springframework.security.web.access.intercept.FilterSecurityInterceptor@334a7f9a]
2021-01-31 12:16:36.487  INFO 2252 --- [    Test worker] o.s.b.t.m.w.SpringBootMockServletContext : Initializing Spring TestDispatcherServlet ''
2021-01-31 12:16:36.487  INFO 2252 --- [    Test worker] o.s.t.web.servlet.TestDispatcherServlet  : Initializing Servlet ''
2021-01-31 12:16:36.518  INFO 2252 --- [    Test worker] o.s.t.web.servlet.TestDispatcherServlet  : Completed initialization in 31 ms
2021-01-31 12:16:36.596  INFO 2252 --- [    Test worker] c.j.b.s.web.HelloControllerTest          : Started HelloControllerTest in 1.828 seconds (JVM running for 18.014)
]]></system-out>
  <system-err><![CDATA[]]></system-err>
</testsuite>
