<?xml version="1.0" encoding="UTF-8"?>
<testsuite name="com.jojoldu.book.springboot.web.IndexControllerTest" tests="1" skipped="0" failures="0" errors="0" timestamp="2021-01-26T11:21:32" hostname="DESKTOP-A2OA55V" time="0.317">
  <properties/>
  <testcase name="메인페이지_로딩" classname="com.jojoldu.book.springboot.web.IndexControllerTest" time="0.317"/>
  <system-out><![CDATA[2021-01-26 20:21:28.789  INFO 3988 --- [    Test worker] .b.t.c.SpringBootTestContextBootstrapper : Neither @ContextConfiguration nor @ContextHierarchy found for test class [com.jojoldu.book.springboot.web.IndexControllerTest], using SpringBootContextLoader
2021-01-26 20:21:28.789  INFO 3988 --- [    Test worker] o.s.t.c.support.AbstractContextLoader    : Could not detect default resource locations for test class [com.jojoldu.book.springboot.web.IndexControllerTest]: no resource found for suffixes {-context.xml, Context.groovy}.
2021-01-26 20:21:28.789  INFO 3988 --- [    Test worker] t.c.s.AnnotationConfigContextLoaderUtils : Could not detect default configuration classes for test class [com.jojoldu.book.springboot.web.IndexControllerTest]: IndexControllerTest does not declare any static, non-private, non-final, nested classes annotated with @Configuration.
2021-01-26 20:21:28.805  INFO 3988 --- [    Test worker] .b.t.c.SpringBootTestContextBootstrapper : Found @SpringBootConfiguration com.jojoldu.book.springboot.Application for test class com.jojoldu.book.springboot.web.IndexControllerTest
2021-01-26 20:21:28.805  INFO 3988 --- [    Test worker] .b.t.c.SpringBootTestContextBootstrapper : Loaded default TestExecutionListener class names from location [META-INF/spring.factories]: [org.springframework.security.test.context.support.WithSecurityContextTestExecutionListener, org.springframework.security.test.context.support.ReactorContextTestExecutionListener, org.springframework.boot.test.autoconfigure.restdocs.RestDocsTestExecutionListener, org.springframework.boot.test.autoconfigure.web.client.MockRestServiceServerResetTestExecutionListener, org.springframework.boot.test.autoconfigure.web.servlet.MockMvcPrintOnlyOnFailureTestExecutionListener, org.springframework.boot.test.autoconfigure.web.servlet.WebDriverTestExecutionListener, org.springframework.boot.test.mock.mockito.MockitoTestExecutionListener, org.springframework.boot.test.mock.mockito.ResetMocksTestExecutionListener, org.springframework.test.context.web.ServletTestExecutionListener, org.springframework.test.context.support.DirtiesContextBeforeModesTestExecutionListener, org.springframework.test.context.support.DependencyInjectionTestExecutionListener, org.springframework.test.context.support.DirtiesContextTestExecutionListener, org.springframework.test.context.transaction.TransactionalTestExecutionListener, org.springframework.test.context.jdbc.SqlScriptsTestExecutionListener]
2021-01-26 20:21:28.805  INFO 3988 --- [    Test worker] .b.t.c.SpringBootTestContextBootstrapper : Using TestExecutionListeners: [org.springframework.test.context.web.ServletTestExecutionListener@358a5e74, org.springframework.test.context.support.DirtiesContextBeforeModesTestExecutionListener@3079dcb6, org.springframework.boot.test.mock.mockito.MockitoTestExecutionListener@4b18588d, org.springframework.boot.test.autoconfigure.SpringBootDependencyInjectionTestExecutionListener@35438b74, org.springframework.test.context.support.DirtiesContextTestExecutionListener@52dd0a56, org.springframework.test.context.transaction.TransactionalTestExecutionListener@2cbfe0d7, org.springframework.test.context.jdbc.SqlScriptsTestExecutionListener@256a09fd, org.springframework.security.test.context.support.WithSecurityContextTestExecutionListener@c5b3e0f, org.springframework.security.test.context.support.ReactorContextTestExecutionListener@36ee0a68, org.springframework.boot.test.autoconfigure.restdocs.RestDocsTestExecutionListener@6584ed3a, org.springframework.boot.test.autoconfigure.web.client.MockRestServiceServerResetTestExecutionListener@10d43596, org.springframework.boot.test.autoconfigure.web.servlet.MockMvcPrintOnlyOnFailureTestExecutionListener@45aacac5, org.springframework.boot.test.autoconfigure.web.servlet.WebDriverTestExecutionListener@3513552, org.springframework.boot.test.mock.mockito.ResetMocksTestExecutionListener@417ee53f]

  .   ____          _            __ _ _
 /\\ / ___'_ __ _ _(_)_ __  __ _ \ \ \ \
( ( )\___ | '_ | '_| | '_ \/ _` | \ \ \ \
 \\/  ___)| |_)| | | | | || (_| |  ) ) ) )
  '  |____| .__|_| |_|_| |_\__, | / / / /
 =========|_|==============|___/=/_/_/_/
 :: Spring Boot ::        (v2.1.7.RELEASE)

2021-01-26 20:21:29.023  INFO 3988 --- [    Test worker] c.j.b.s.web.IndexControllerTest          : Starting IndexControllerTest on DESKTOP-A2OA55V with PID 3988 (started by charm in C:\spring\springproject1)
2021-01-26 20:21:29.023  INFO 3988 --- [    Test worker] c.j.b.s.web.IndexControllerTest          : No active profile set, falling back to default profiles: default
2021-01-26 20:21:29.523  INFO 3988 --- [    Test worker] .s.d.r.c.RepositoryConfigurationDelegate : Bootstrapping Spring Data repositories in DEFAULT mode.
2021-01-26 20:21:29.570  INFO 3988 --- [    Test worker] .s.d.r.c.RepositoryConfigurationDelegate : Finished Spring Data repository scanning in 47ms. Found 2 repository interfaces.
2021-01-26 20:21:29.773  INFO 3988 --- [    Test worker] trationDelegate$BeanPostProcessorChecker : Bean 'org.springframework.transaction.annotation.ProxyTransactionManagementConfiguration' of type [org.springframework.transaction.annotation.ProxyTransactionManagementConfiguration$$EnhancerBySpringCGLIB$$e855c5ab] is not eligible for getting processed by all BeanPostProcessors (for example: not eligible for auto-proxying)
2021-01-26 20:21:30.211  INFO 3988 --- [    Test worker] o.s.b.w.embedded.tomcat.TomcatWebServer  : Tomcat initialized with port(s): 0 (http)
2021-01-26 20:21:30.273  INFO 3988 --- [    Test worker] o.apache.catalina.core.StandardService   : Starting service [Tomcat]
2021-01-26 20:21:30.273  INFO 3988 --- [    Test worker] org.apache.catalina.core.StandardEngine  : Starting Servlet engine: [Apache Tomcat/9.0.22]
2021-01-26 20:21:30.601  INFO 3988 --- [    Test worker] o.a.c.c.C.[Tomcat].[localhost].[/]       : Initializing Spring embedded WebApplicationContext
2021-01-26 20:21:30.601  INFO 3988 --- [    Test worker] o.s.web.context.ContextLoader            : Root WebApplicationContext: initialization completed in 1562 ms
2021-01-26 20:21:30.929  INFO 3988 --- [    Test worker] com.zaxxer.hikari.HikariDataSource       : HikariPool-2 - Starting...
2021-01-26 20:21:30.929  INFO 3988 --- [    Test worker] com.zaxxer.hikari.HikariDataSource       : HikariPool-2 - Start completed.
2021-01-26 20:21:31.008  INFO 3988 --- [    Test worker] o.hibernate.jpa.internal.util.LogHelper  : HHH000204: Processing PersistenceUnitInfo [
	name: default
	...]
2021-01-26 20:21:31.039  INFO 3988 --- [    Test worker] org.hibernate.dialect.Dialect            : HHH000400: Using dialect: org.hibernate.dialect.MySQL5InnoDBDialect
Hibernate: drop table if exists posts
Hibernate: drop table if exists user
Hibernate: create table posts (id bigint not null auto_increment, created_date datetime, modified_date datetime, author varchar(255), content TEXT not null, title varchar(500) not null, primary key (id)) engine=InnoDB
Hibernate: create table user (id bigint not null auto_increment, created_date datetime, modified_date datetime, email varchar(255) not null, name varchar(255) not null, picture varchar(255), role varchar(255) not null, primary key (id)) engine=InnoDB
2021-01-26 20:21:31.133  INFO 3988 --- [    Test worker] o.h.t.schema.internal.SchemaCreatorImpl  : HHH000476: Executing import script 'org.hibernate.tool.schema.internal.exec.ScriptSourceInputNonExistentImpl@ed980aa'
2021-01-26 20:21:31.133  INFO 3988 --- [    Test worker] j.LocalContainerEntityManagerFactoryBean : Initialized JPA EntityManagerFactory for persistence unit 'default'
2021-01-26 20:21:31.679  INFO 3988 --- [    Test worker] o.h.h.i.QueryTranslatorFactoryInitiator  : HHH000397: Using ASTQueryTranslatorFactory
2021-01-26 20:21:31.945  INFO 3988 --- [    Test worker] o.s.s.web.DefaultSecurityFilterChain     : Creating filter chain: any request, [org.springframework.security.web.context.request.async.WebAsyncManagerIntegrationFilter@e5aa717, org.springframework.security.web.context.SecurityContextPersistenceFilter@65fe22c, org.springframework.security.web.header.HeaderWriterFilter@4ab74684, org.springframework.security.web.authentication.logout.LogoutFilter@1e493b6b, org.springframework.security.oauth2.client.web.OAuth2AuthorizationRequestRedirectFilter@7bf995f2, org.springframework.security.oauth2.client.web.OAuth2LoginAuthenticationFilter@2116b9, org.springframework.security.web.authentication.ui.DefaultLoginPageGeneratingFilter@677eeb2a, org.springframework.security.web.authentication.ui.DefaultLogoutPageGeneratingFilter@7c5018a4, org.springframework.security.web.savedrequest.RequestCacheAwareFilter@21f3dfad, org.springframework.security.web.servletapi.SecurityContextHolderAwareRequestFilter@51803e71, org.springframework.security.web.authentication.AnonymousAuthenticationFilter@4bb154d9, org.springframework.security.web.session.SessionManagementFilter@2df3676c, org.springframework.security.web.access.ExceptionTranslationFilter@6538466c, org.springframework.security.web.access.intercept.FilterSecurityInterceptor@3f49b63e]
2021-01-26 20:21:32.273  INFO 3988 --- [    Test worker] o.s.s.concurrent.ThreadPoolTaskExecutor  : Initializing ExecutorService 'applicationTaskExecutor'
2021-01-26 20:21:32.289  WARN 3988 --- [    Test worker] aWebConfiguration$JpaWebMvcConfiguration : spring.jpa.open-in-view is enabled by default. Therefore, database queries may be performed during view rendering. Explicitly configure spring.jpa.open-in-view to disable this warning
2021-01-26 20:21:32.320  INFO 3988 --- [    Test worker] o.s.b.a.w.s.WelcomePageHandlerMapping    : Adding welcome page template: index
2021-01-26 20:21:32.773  INFO 3988 --- [    Test worker] s.a.ScheduledAnnotationBeanPostProcessor : No TaskScheduler/ScheduledExecutorService bean found for scheduled processing
2021-01-26 20:21:32.789  INFO 3988 --- [    Test worker] o.s.b.w.embedded.tomcat.TomcatWebServer  : Tomcat started on port(s): 50386 (http) with context path ''
2021-01-26 20:21:32.789  INFO 3988 --- [    Test worker] c.j.b.s.web.IndexControllerTest          : Started IndexControllerTest in 3.937 seconds (JVM running for 20.411)
2021-01-26 20:21:32.945  INFO 3988 --- [o-auto-1-exec-1] o.a.c.c.C.[Tomcat].[localhost].[/]       : Initializing Spring DispatcherServlet 'dispatcherServlet'
2021-01-26 20:21:32.961  INFO 3988 --- [o-auto-1-exec-1] o.s.web.servlet.DispatcherServlet        : Initializing Servlet 'dispatcherServlet'
2021-01-26 20:21:32.992  INFO 3988 --- [o-auto-1-exec-1] o.s.web.servlet.DispatcherServlet        : Completed initialization in 31 ms
Hibernate: select posts0_.id as id1_0_, posts0_.created_date as created_2_0_, posts0_.modified_date as modified3_0_, posts0_.author as author4_0_, posts0_.content as content5_0_, posts0_.title as title6_0_ from posts posts0_ order by posts0_.id DESC
]]></system-out>
  <system-err><![CDATA[]]></system-err>
</testsuite>
